生成启动时间为 2013/6/23 0:44:13。
     1>项目“E:\users\perypery\documents\visual studio 2010\Projects\网格简化\src\mykilledge\mykilledge.vcxproj”在节点 2 上(build 个目标)。
     1>InitializeBuildStatus:
         正在创建“Debug\simplify.unsuccessfulbuild”，因为已指定“AlwaysCreate”。
       ClCompile:
         D:\Program Files (x86)\Microsoft Visual Studio 10.0\VC\bin\CL.exe /c /ZI /nologo /W3 /WX- /Od /Oy- /D WIN32 /D _DEBUG /D _CONSOLE /D _MBCS /Gm /EHsc /RTC1 /MDd /GS /fp:precise /Zc:wchar_t /Zc:forScope /Fo"Debug\\" /Fd"Debug\vc100.pdb" /Gd /TP /analyze- /errorReport:prompt Object.cpp kill.cpp
         kill.cpp
     1>e:\users\perypery\documents\visual studio 2010\projects\网格简化\src\mykilledge\kill.cpp(249): warning C4996: 'strcpy': This function or variable may be unsafe. Consider using strcpy_s instead. To disable deprecation, use _CRT_SECURE_NO_WARNINGS. See online help for details.
                 d:\program files (x86)\microsoft visual studio 10.0\vc\include\string.h(105) : 参见“strcpy”的声明
     1>e:\users\perypery\documents\visual studio 2010\projects\网格简化\src\mykilledge\kill.cpp(250): warning C4996: 'strcpy': This function or variable may be unsafe. Consider using strcpy_s instead. To disable deprecation, use _CRT_SECURE_NO_WARNINGS. See online help for details.
                 d:\program files (x86)\microsoft visual studio 10.0\vc\include\string.h(105) : 参见“strcpy”的声明
     1>e:\users\perypery\documents\visual studio 2010\projects\网格简化\src\mykilledge\kill.cpp(251): warning C4996: 'sscanf': This function or variable may be unsafe. Consider using sscanf_s instead. To disable deprecation, use _CRT_SECURE_NO_WARNINGS. See online help for details.
                 d:\program files (x86)\microsoft visual studio 10.0\vc\include\stdio.h(325) : 参见“sscanf”的声明
         Object.cpp
         正在生成代码...
       ManifestResourceCompile:
         所有输出均为最新。
       Link:
         D:\Program Files (x86)\Microsoft Visual Studio 10.0\VC\bin\link.exe /ERRORREPORT:PROMPT /OUT:"E:\users\perypery\documents\visual studio 2010\Projects\网格简化\src\Debug\simplify.exe" /INCREMENTAL /NOLOGO kernel32.lib user32.lib gdi32.lib winspool.lib comdlg32.lib advapi32.lib shell32.lib ole32.lib oleaut32.lib uuid.lib odbc32.lib odbccp32.lib /MANIFEST /ManifestFile:"Debug\simplify.exe.intermediate.manifest" /MANIFESTUAC:"level='asInvoker' uiAccess='false'" /DEBUG /PDB:"E:\users\perypery\documents\visual studio 2010\Projects\网格简化\src\Debug\simplify.pdb" /SUBSYSTEM:CONSOLE /TLBID:1 /DYNAMICBASE /NXCOMPAT /IMPLIB:"E:\users\perypery\documents\visual studio 2010\Projects\网格简化\src\Debug\simplify.lib" /MACHINE:X86 Debug\simplify.exe.embed.manifest.res
         Debug\glm.obj
         Debug\kill.obj
         Debug\Matrix4.obj
         Debug\Object.obj
         Debug\Vector4.obj
       Manifest:
         C:\Program Files (x86)\Microsoft SDKs\Windows\v7.0A\bin\mt.exe /nologo /verbose /out:"Debug\simplify.exe.embed.manifest" /manifest Debug\simplify.exe.intermediate.manifest
         所有输出均为最新。
       LinkEmbedManifest:
         所有输出均为最新。
         mykilledge.vcxproj -> E:\users\perypery\documents\visual studio 2010\Projects\网格简化\src\Debug\simplify.exe
       FinalizeBuildStatus:
         正在删除文件“Debug\simplify.unsuccessfulbuild”。
         正在对“Debug\simplify.lastbuildstate”执行 Touch 任务。
     1>已完成生成项目“E:\users\perypery\documents\visual studio 2010\Projects\网格简化\src\mykilledge\mykilledge.vcxproj”(build 个目标)的操作。

生成成功。

已用时间 00:00:11.14
