生成启动时间为 2013/6/23 21:26:01。
     1>项目“E:\users\perypery\documents\visual studio 2010\Projects\tuxingxue2\tuxingxue2\tuxingxue2.vcxproj”在节点 2 上(build 个目标)。
     1>InitializeBuildStatus:
         正在创建“Release\tuxingxue2.unsuccessfulbuild”，因为已指定“AlwaysCreate”。
       ClCompile:
         所有输出均为最新。
         D:\Program Files (x86)\Microsoft Visual Studio 10.0\VC\bin\CL.exe /c /Zi /nologo /W3 /WX- /O2 /Oi /Oy- /GL /D WIN32 /D NDEBUG /D _CONSOLE /D _UNICODE /D UNICODE /Gm- /EHsc /MD /GS /Gy /fp:precise /Zc:wchar_t /Zc:forScope /Yu"StdAfx.h" /Fp"Release\tuxingxue2.pch" /Fo"Release\\" /Fd"Release\vc100.pdb" /Gd /TP /analyze- /errorReport:prompt tuxingxue2.cpp
         tuxingxue2.cpp
     1>tuxingxue2.cpp(22): warning C4244: “=”: 从“double”转换到“uchar”，可能丢失数据
     1>tuxingxue2.cpp(23): warning C4244: “=”: 从“double”转换到“uchar”，可能丢失数据
     1>tuxingxue2.cpp(24): warning C4244: “=”: 从“double”转换到“uchar”，可能丢失数据
       Link:
         D:\Program Files (x86)\Microsoft Visual Studio 10.0\VC\bin\link.exe /ERRORREPORT:PROMPT /OUT:"E:\users\perypery\documents\visual studio 2010\Projects\tuxingxue2\Release\tuxingxue2.exe" /INCREMENTAL:NO /NOLOGO opencv_contrib243.lib opencv_core243.lib opencv_features2d243.lib opencv_highgui243.lib opencv_imgproc243.lib kernel32.lib user32.lib gdi32.lib winspool.lib comdlg32.lib advapi32.lib shell32.lib ole32.lib oleaut32.lib uuid.lib odbc32.lib odbccp32.lib /MANIFEST /ManifestFile:"Release\tuxingxue2.exe.intermediate.manifest" /MANIFESTUAC:"level='asInvoker' uiAccess='false'" /DEBUG /PDB:"E:\users\perypery\documents\visual studio 2010\Projects\tuxingxue2\Release\tuxingxue2.pdb" /SUBSYSTEM:CONSOLE /OPT:REF /OPT:ICF /LTCG /TLBID:1 /DYNAMICBASE /NXCOMPAT /IMPLIB:"E:\users\perypery\documents\visual studio 2010\Projects\tuxingxue2\Release\tuxingxue2.lib" /MACHINE:X86 Release\ball.obj
         Release\camera.obj
         Release\color.obj
         Release\cuboid.obj
         Release\floor.obj
         Release\poly4.obj
         Release\Triangle.obj
         Release\_object.obj
         Release\point.obj
         Release\ray.obj
         Release\scenes.obj
         Release\stdafx.obj
         Release\tuxingxue2.obj
         Release\vector3.obj
         正在生成代码
         已完成代码的生成
         tuxingxue2.vcxproj -> E:\users\perypery\documents\visual studio 2010\Projects\tuxingxue2\Release\tuxingxue2.exe
       Manifest:
         C:\Program Files (x86)\Microsoft SDKs\Windows\v7.0A\bin\mt.exe /nologo /verbose /outputresource:"E:\users\perypery\documents\visual studio 2010\Projects\tuxingxue2\Release\tuxingxue2.exe;#1" /manifest Release\tuxingxue2.exe.intermediate.manifest
       FinalizeBuildStatus:
         正在删除文件“Release\tuxingxue2.unsuccessfulbuild”。
         正在对“Release\tuxingxue2.lastbuildstate”执行 Touch 任务。
     1>已完成生成项目“E:\users\perypery\documents\visual studio 2010\Projects\tuxingxue2\tuxingxue2\tuxingxue2.vcxproj”(build 个目标)的操作。

生成成功。

已用时间 00:00:04.88
